[alfred.nl/index.html]
[backblue.gif]
[fade.gif]
[index.html]
[alfred.nl/media/site/1bac70b117-1687182105/alfred-meta-v2-860x540-crop-q72.jpg]
[alfred.nl/assets/fonts/CircularPro-BlackItalic.otf]
[alfred.nl/assets/css/normalize.css]
[alfred.nl/assets/css/locomotive-scroll.css]
[unpkg.com/flickity@2.3.0/dist/flickity.css]
[alfred.nl/assets/css/styleguide.css]
[alfred.nl/assets/css/components.css]
[alfred.nl/assets/css/style.css]
[alfred.nl/werk.html]
[alfred.nl/werkwijze.html]
[alfred.nl/cultuur.html]
[alfred.nl/jobs.html]
[alfred.nl/contact.html]
[alfred.nl/media/pages/home/7e2dc456c9-1687182015/g44a4376-480x270-crop-q72.jpg]
[alfred.nl/media/pages/home/7e2dc456c9-1687182015/g44a4376-1920x1080-crop-q72.jpg]
[alfred.nl/werk/texels-geheim.html]
[alfred.nl/media/pages/werk/texels-geheim/d403ea911a-1709217709/texels-geheim-810x540-crop-q72.jpg]
[alfred.nl/media/pages/werk/texels-geheim/d403ea911a-1709217709/texels-geheim.jpg]
[alfred.nl/media/pages/werk/texels-geheim/d403ea911a-1709217709/texels-geheim-203x135-crop-q72.jpg]
[alfred.nl/werk/lidl-deals.html]
[alfred.nl/media/pages/werk/lidl-deals/b69b7f996d-1709219261/schermafbeelding-2024-02-29-om-16-04-00-810x540-crop-q72.png]
[alfred.nl/media/pages/werk/lidl-deals/b69b7f996d-1709219261/schermafbeelding-2024-02-29-om-16.04.00.png]
[alfred.nl/media/pages/werk/lidl-deals/b69b7f996d-1709219261/schermafbeelding-2024-02-29-om-16-04-00-203x135-crop-q72.png]
[alfred.nl/werk/amstel-kroegverhalen.html]
[alfred.nl/media/pages/werk/amstel-kroegverhalen/87fea51083-1704199813/schermafbeelding-2024-01-02-om-13-49-37-810x540-crop-q72.png]
[alfred.nl/media/pages/werk/amstel-kroegverhalen/87fea51083-1704199813/schermafbeelding-2024-01-02-om-13.49.37.png]
[alfred.nl/media/pages/werk/amstel-kroegverhalen/87fea51083-1704199813/schermafbeelding-2024-01-02-om-13-49-37-203x135-crop-q72.png]
[alfred.nl/media/pages/home/073e044128-1687182006/alfred-kerst-135x180-crop-q72.jpg]
[alfred.nl/media/pages/home/073e044128-1687182006/alfred-kerst-540x720-crop-q72.jpg]
[alfred.nl/media/pages/home/ec94c157a7-1687182008/dsc03251-135x180-crop-q72.jpg]
[alfred.nl/media/pages/home/ec94c157a7-1687182008/dsc03251-540x720-crop-q72.jpg]
[alfred.nl/media/pages/home/55f1bdf867-1687182008/dsc03273-135x180-crop-q72.jpg]
[alfred.nl/media/pages/home/55f1bdf867-1687182008/dsc03273-540x720-crop-q72.jpg]
[alfred.nl/media/pages/home/f3bf0466e0-1687182009/dsc04140-135x180-crop-q72.jpg]
[alfred.nl/media/pages/home/f3bf0466e0-1687182009/dsc04140-540x720-crop-q72.jpg]
[alfred.nl/media/pages/home/ceac66b254-1687182013/dsc07719-480x270-crop-q72.jpg]
[alfred.nl/media/pages/home/ceac66b254-1687182013/dsc07719-1920x1080-crop-q72.jpg]
[alfred.nl/press.html]
[code.jquery.com/jquery-3.5.1.min.js]
[cdnjs.cloudflare.com/ajax/libs/gsap/3.9.1/gsap.min.js]
[cdnjs.cloudflare.com/ajax/libs/gsap/3.9.1/ScrollTrigger.min.js]
[cdn.jsdelivr.net/npm/vanilla-lazyload@17.6.1/dist/lazyload.min.js]
[player.vimeo.com/api/player.js]
[unpkg.com/flickity@2.3.0/dist/flickity.pkgd.min.js]
[alfred.nl/assets/js/locomotive-scroll.min.js]
[alfred.nl/index.html]
[alfred.nl/assets/css/normalize.css]
[alfred.nl/assets/css/locomotive-scroll.css]
[unpkg.com/flickity@2.3.0/dist/flickity.css]
[alfred.nl/assets/js/index.js]
[alfred.nl/assets/fonts/CircularPro-Bold.otf]
[alfred.nl/assets/fonts/CircularPro-BoldItalic.otf]
[alfred.nl/assets/fonts/CircularPro-Black.otf]
[alfred.nl/assets/fonts/CircularPro-Book.otf]
[alfred.nl/assets/fonts/CircularPro-BookItalic.otf]
[alfred.nl/assets/css/styleguide.css]
[alfred.nl/assets/css/components.css]
[alfred.nl/assets/css/style.css]
[alfred.nl/werk/viva-la-cubanita.html]
[alfred.nl/media/pages/werk/viva-la-cubanita/0f3ff314cf-1709220205/schermafbeelding-2024-02-29-om-16-22-49-810x540-crop-q72.png]
[alfred.nl/media/pages/werk/viva-la-cubanita/0f3ff314cf-1709220205/schermafbeelding-2024-02-29-om-16.22.49.png]
[alfred.nl/media/pages/werk/viva-la-cubanita/0f3ff314cf-1709220205/schermafbeelding-2024-02-29-om-16-22-49-203x135-crop-q72.png]
[alfred.nl/werk/conimex-let-s-eat-more-east.html]
[alfred.nl/media/pages/werk/conimex-let-s-eat-more-east/d652b557c6-1707829404/schermafbeelding-2024-02-13-om-13-57-10-203x135-crop-q72.png]
[alfred.nl/media/pages/werk/conimex-let-s-eat-more-east/d652b557c6-1707829404/schermafbeelding-2024-02-13-om-13-57-10-810x540-crop-q72.png]
[alfred.nl/werk/praxis-sinterkerst.html]
[alfred.nl/media/pages/werk/praxis-sinterkerst/a17e7fa822-1709901445/schermafbeelding-2024-03-08-om-13-36-42-810x540-crop-q72.png]
[alfred.nl/media/pages/werk/praxis-sinterkerst/a17e7fa822-1709901445/schermafbeelding-2024-03-08-om-13.36.42.png]
[alfred.nl/media/pages/werk/praxis-sinterkerst/a17e7fa822-1709901445/schermafbeelding-2024-03-08-om-13-36-42-203x135-crop-q72.png]
[alfred.nl/werk/praxis-vakantie.html]
[alfred.nl/media/pages/werk/praxis-vakantie/d4aac28fc7-1692004622/still-praxis-vakantie-203x135-crop-q72.png]
[alfred.nl/media/pages/werk/praxis-vakantie/d4aac28fc7-1692004622/still-praxis-vakantie-810x540-crop-q72.png]
[alfred.nl/werk/simpel-liefde.html]
[alfred.nl/media/pages/werk/simpel-liefde/7fe4e1dc38-1688982145/simpel-liefde-is-simpel-brent-estelle-203x135-crop-q72.png]
[alfred.nl/media/pages/werk/simpel-liefde/7fe4e1dc38-1688982145/simpel-liefde-is-simpel-brent-estelle-810x540-crop-q72.png]
[alfred.nl/werk/calve-heritage-75-jaar.html]
[alfred.nl/media/pages/werk/calve-heritage-75-jaar/19f1270fdb-1687182077/schermafbeelding-2023-06-19-om-10-11-53-203x135-crop-q72.png]
[alfred.nl/media/pages/werk/calve-heritage-75-jaar/19f1270fdb-1687182077/schermafbeelding-2023-06-19-om-10-11-53-810x540-crop-q72.png]
[alfred.nl/werk/praxis-tuinfeest.html]
[alfred.nl/media/pages/werk/praxis-tuinfeest/95a732dfee-1687182070/schermafbeelding-2023-04-11-om-12-14-33-203x135-crop-q72.png]
[alfred.nl/media/pages/werk/praxis-tuinfeest/95a732dfee-1687182070/schermafbeelding-2023-04-11-om-12-14-33-810x540-crop-q72.png]
[alfred.nl/werk/mora-empanadas.html]
[alfred.nl/media/pages/werk/mora-empanadas/2b82bcb9bd-1687182069/schermafbeelding-2023-06-01-om-11-01-39-203x135-crop-q72.png]
[alfred.nl/media/pages/werk/mora-empanadas/2b82bcb9bd-1687182069/schermafbeelding-2023-06-01-om-11-01-39-810x540-crop-q72.png]
[alfred.nl/werk/texels-op-z-n-texels-case.html]
[alfred.nl/media/pages/werk/texels-op-z-n-texels-case/eaf39a2c49-1687182066/still-texels-203x135-crop-q72.png]
[alfred.nl/media/pages/werk/texels-op-z-n-texels-case/eaf39a2c49-1687182066/still-texels-810x540-crop-q72.png]
[alfred.nl/werk/simpel-spelshow.html]
[alfred.nl/media/pages/werk/simpel-spelshow/5b942a46d0-1687182065/schermafbeelding-2022-08-24-om-12-01-25-203x135-crop-q72.png]
[alfred.nl/media/pages/werk/simpel-spelshow/5b942a46d0-1687182065/schermafbeelding-2022-08-24-om-12-01-25-810x540-crop-q72.png]
[alfred.nl/werk/calve-pindakaas-esther-vergeer.html]
[alfred.nl/media/pages/werk/calve-pindakaas-esther-vergeer/692919f0f5-1687182064/calve-pindakaas-esther-vergeer-thumbnail-203x135-crop-q72.jpg]
[alfred.nl/media/pages/werk/calve-pindakaas-esther-vergeer/692919f0f5-1687182064/calve-pindakaas-esther-vergeer-thumbnail-810x540-crop-q72.jpg]
[alfred.nl/werk/amstel-drie-vrienden.html]
[alfred.nl/media/pages/werk/amstel-drie-vrienden/8ddd74f9d5-1687182063/schermafbeelding-2023-05-25-om-15-56-41-203x135-crop-q72.png]
[alfred.nl/media/pages/werk/amstel-drie-vrienden/8ddd74f9d5-1687182063/schermafbeelding-2023-05-25-om-15-56-41-810x540-crop-q72.png]
[alfred.nl/werk/simpel-a-simpel-story.html]
[alfred.nl/media/pages/werk/simpel-a-simpel-story/2b05665b43-1687182063/schermafbeelding-2023-05-25-om-13-24-13-203x135-crop-q72.png]
[alfred.nl/media/pages/werk/simpel-a-simpel-story/2b05665b43-1687182063/schermafbeelding-2023-05-25-om-13-24-13-810x540-crop-q72.png]
[alfred.nl/werk/jumbo-toetsweek.html]
[alfred.nl/media/pages/werk/jumbo-toetsweek/55f9c8eb82-1687182062/still-jumbo-agf-optie-1-203x135-crop-q72.png]
[alfred.nl/media/pages/werk/jumbo-toetsweek/55f9c8eb82-1687182062/still-jumbo-agf-optie-1-810x540-crop-q72.png]
[alfred.nl/werk/sns-manifest.html]
[alfred.nl/media/pages/werk/sns-manifest/416d3a6504-1687182062/sns-manifest-thumbnail-203x135-crop-q72.jpg]
[alfred.nl/media/pages/werk/sns-manifest/416d3a6504-1687182062/sns-manifest-thumbnail-810x540-crop-q72.jpg]
[alfred.nl/werk/calve-pindakaas-pietertje.html]
[alfred.nl/media/pages/werk/calve-pindakaas-pietertje/680b02f581-1687182061/schermafbeelding-2023-05-25-om-12-06-20-203x135-crop-q72.png]
[alfred.nl/media/pages/werk/calve-pindakaas-pietertje/680b02f581-1687182061/schermafbeelding-2023-05-25-om-12-06-20-810x540-crop-q72.png]
[alfred.nl/werk/royal-club-twist.html]
[alfred.nl/media/pages/werk/royal-club-twist/891ff7abc1-1687182060/schermafbeelding-2023-06-01-om-14-32-06-203x135-crop-q72.png]
[alfred.nl/media/pages/werk/royal-club-twist/891ff7abc1-1687182060/schermafbeelding-2023-06-01-om-14-32-06-810x540-crop-q72.png]
[alfred.nl/werk/venco-choco-d-rop.html]
[alfred.nl/media/pages/werk/venco-choco-d-rop/96e78fdc69-1687182059/venco-203x135-crop-q72.jpg]
[alfred.nl/media/pages/werk/venco-choco-d-rop/96e78fdc69-1687182059/venco-810x540-crop-q72.jpg]
[alfred.nl/werk/allianz-direct-20s-quote.html]
[alfred.nl/media/pages/werk/allianz-direct-20s-quote/d5f589c510-1687182057/schermafbeelding-2023-06-01-om-13-03-41-203x135-crop-q72.png]
[alfred.nl/media/pages/werk/allianz-direct-20s-quote/d5f589c510-1687182057/schermafbeelding-2023-06-01-om-13-03-41-810x540-crop-q72.png]
[alfred.nl/werk/royal-club-doe-maar-wat.html]
[alfred.nl/media/pages/werk/royal-club-doe-maar-wat/6ec558c228-1687182056/schermafbeelding-2023-06-01-om-13-02-12-203x135-crop-q72.png]
[alfred.nl/media/pages/werk/royal-club-doe-maar-wat/6ec558c228-1687182056/schermafbeelding-2023-06-01-om-13-02-12-810x540-crop-q72.png]
[alfred.nl/werk/amstel-terras.html]
[alfred.nl/media/pages/werk/amstel-terras/920cb736ae-1687182056/schermafbeelding-2023-06-01-om-15-01-59-203x135-crop-q72.png]
[alfred.nl/media/pages/werk/amstel-terras/920cb736ae-1687182056/schermafbeelding-2023-06-01-om-15-01-59-810x540-crop-q72.png]
[alfred.nl/werk/jumbo-gouden-loeki-kerst.html]
[alfred.nl/media/pages/werk/jumbo-gouden-loeki-kerst/85d29e272e-1687182055/schermafbeelding-2023-05-25-om-13-41-26-203x135-crop-q72.png]
[alfred.nl/media/pages/werk/jumbo-gouden-loeki-kerst/85d29e272e-1687182055/schermafbeelding-2023-05-25-om-13-41-26-810x540-crop-q72.png]
[alfred.nl/werk/calve-pindakaas-lieke.html]
[alfred.nl/media/pages/werk/calve-pindakaas-lieke/db1f1a0532-1687182054/schermafbeelding-2023-05-25-om-12-11-27-203x135-crop-q72.png]
[alfred.nl/media/pages/werk/calve-pindakaas-lieke/db1f1a0532-1687182054/schermafbeelding-2023-05-25-om-12-11-27-810x540-crop-q72.png]
[alfred.nl/werk/jumbo-eentje-extra-weken.html]
[alfred.nl/media/pages/werk/jumbo-eentje-extra-weken/e622f5dc23-1687182053/schermafbeelding-2022-08-24-om-10-30-04-203x135-crop-q72.png]
[alfred.nl/media/pages/werk/jumbo-eentje-extra-weken/e622f5dc23-1687182053/schermafbeelding-2022-08-24-om-10-30-04-810x540-crop-q72.png]
[alfred.nl/werk/hema-iconisch.html]
[alfred.nl/media/pages/werk/hema-iconisch/0275982ded-1687182053/schermafbeelding-2023-06-01-om-15-47-29-203x135-crop-q72.png]
[alfred.nl/media/pages/werk/hema-iconisch/0275982ded-1687182053/schermafbeelding-2023-06-01-om-15-47-29-810x540-crop-q72.png]
[alfred.nl/werk/fonq-aaltje.html]
[alfred.nl/media/pages/werk/fonq-aaltje/54fa778449-1687182052/fonq-aaltje-20-omruil2-00-00-00-00-203x135-crop-q72.png]
[alfred.nl/media/pages/werk/fonq-aaltje/54fa778449-1687182052/fonq-aaltje-20-omruil2-00-00-00-00-810x540-crop-q72.png]
[alfred.nl/werk/jumbo-kerst-2016.html]
[alfred.nl/media/pages/werk/jumbo-kerst-2016/9ee9fccf50-1687182051/schermafbeelding-2023-05-25-om-15-02-07-203x135-crop-q72.png]
[alfred.nl/media/pages/werk/jumbo-kerst-2016/9ee9fccf50-1687182051/schermafbeelding-2023-05-25-om-15-02-07-810x540-crop-q72.png]
[alfred.nl/werk/ranja-ranja.html]
[alfred.nl/media/pages/werk/ranja-ranja/94cd335757-1687182050/schermafbeelding-2023-06-01-om-13-55-45-203x135-crop-q72.png]
[alfred.nl/media/pages/werk/ranja-ranja/94cd335757-1687182050/schermafbeelding-2023-06-01-om-13-55-45-810x540-crop-q72.png]
[alfred.nl/werk/chicken-tonight-terry-stinger.html]
[alfred.nl/media/pages/werk/chicken-tonight-terry-stinger/66d82430b9-1687182050/schermafbeelding-2023-02-28-om-15-00-32-1-203x135-crop-q72.png]
[alfred.nl/media/pages/werk/chicken-tonight-terry-stinger/66d82430b9-1687182050/schermafbeelding-2023-02-28-om-15-00-32-1-810x540-crop-q72.png]
[alfred.nl/werk/affligem-verbroedering.html]
[alfred.nl/media/pages/werk/affligem-verbroedering/0ca567485a-1687182049/schermafbeelding-2023-01-09-om-15-44-47-203x135-crop-q72.png]
[alfred.nl/media/pages/werk/affligem-verbroedering/0ca567485a-1687182049/schermafbeelding-2023-01-09-om-15-44-47-810x540-crop-q72.png]
[alfred.nl/werk.html]
[alfred.nl/media/pages/werkwijze/9585eb6425-1687182077/dsc03004-480x270-crop-q72.jpg]
[alfred.nl/media/pages/werkwijze/9585eb6425-1687182077/dsc03004-1920x1080-crop-q72.jpg]
[alfred.nl/media/pages/werkwijze/49f576c1f3-1687182078/dsc07736-websize-480x270-crop-q72.jpg]
[alfred.nl/media/pages/werkwijze/49f576c1f3-1687182078/dsc07736-websize-1920x1080-crop-q72.jpg]
[alfred.nl/media/pages/klanten/066b95fa06-1687426810/schermafbeelding-2023-06-22-om-11-39-43-810x540-crop-q72.png]
[alfred.nl/media/pages/klanten/5d9dbe7f73-1687182110/schermafbeelding-2023-01-09-om-15-43-57-810x540-crop-q72.png]
[alfred.nl/media/pages/klanten/f2f596c93a-1687182114/sns-portret-mia-tvc-2022-30-00-00-04-06-810x540-crop-q72.png]
[alfred.nl/media/pages/klanten/98aaadc010-1687427079/2-rivella-25-seconden-nl-16x9-r128-00-00-05-17-still002-810x540-crop-q72.png]
[alfred.nl/media/pages/klanten/9842bb2e81-1687182113/schermafbeelding-2023-01-10-om-10-37-29-810x540-crop-q72.png]
[alfred.nl/media/pages/klanten/6a86bbb947-1687426986/schermafbeelding-2023-06-01-om-11-22-55-810x540-crop-q72.png]
[alfred.nl/media/pages/klanten/2c31c355b8-1687182114/schermafbeelding-2023-01-12-om-12-02-55-810x540-crop-q72.png]
[alfred.nl/media/pages/klanten/373f2ad9ea-1687182112/schermafbeelding-2023-01-09-om-15-55-16-810x540-crop-q72.png]
[alfred.nl/media/pages/klanten/45cd44e7ea-1687182107/brands-ranja-810x540-crop-q72.jpg]
[alfred.nl/media/pages/klanten/a768cd8bd5-1687182107/brands-jumbo-810x540-crop-q72.jpg]
[alfred.nl/media/pages/klanten/9c379026fa-1687182108/fonq-aaltje-20-omruil2-00-00-00-00-810x540-crop-q72.png]
[alfred.nl/media/pages/klanten/4428c6d4f2-1687426446/still-loi-aangep-810x540-crop-q72.jpg]
[alfred.nl/media/pages/klanten/b70aaf170e-1687182111/schermafbeelding-2023-01-09-om-15-44-47-810x540-crop-q72.png]
[alfred.nl/media/pages/klanten/96eed99f59-1687182109/kwantum-810x540-crop-q72.jpg]
[alfred.nl/media/pages/klanten/aee30d9b94-1687182109/knorr-810x540-crop-q72.jpg]
[alfred.nl/media/pages/klanten/48793a1912-1687182115/sun-810x540-crop-q72.jpg]
[alfred.nl/klanten.html]
[alfred.nl/media/pages/cultuur/42467d3640-1687182094/dsc06543-websize-270x270-crop-q72.jpg]
[alfred.nl/media/pages/cultuur/42467d3640-1687182094/dsc06543-websize-1080x1080-crop-q72.jpg]
[alfred.nl/media/pages/cultuur/6bb973f9e9-1687182095/dsc07496-270x270-crop-q72.jpg]
[alfred.nl/media/pages/cultuur/6bb973f9e9-1687182095/dsc07496-1080x1080-crop-q72.jpg]
[alfred.nl/werkwijze.html]
[alfred.nl/media/pages/cultuur/3ee944394d-1687182088/dsc03140-websize-540x720-crop-q72.jpg]
[alfred.nl/media/pages/cultuur/245246a51d-1687182102/photo-2022-04-26-20-06-30-540x720-crop-q72.jpg]
[alfred.nl/media/pages/cultuur/7dcae5602f-1687182091/dsc04421-websize-540x720-crop-q72.jpg]
[alfred.nl/media/pages/cultuur/6c16bd09e6-1687182082/ccf0d571-9fa0-4e3b-8773-d025b742ba42-540x720-crop-q72.jpg]
[alfred.nl/media/pages/cultuur/907ef90040-1687182081/14f36a1e-52f9-4c45-8d4f-0f4ce63f435a-540x720-crop-q72.jpg]
[alfred.nl/media/pages/cultuur/5f247f6be6-1687182084/d6c81f10-c1dd-4ab2-9659-066d7bb77a80-540x720-crop-q72.jpg]
[alfred.nl/media/pages/cultuur/21ba8ef11c-1687182087/dsc03112-websize-540x720-crop-q72.jpg]
[alfred.nl/media/pages/cultuur/0596c7f25d-1687182093/dsc04547-websize-540x720-crop-q72.jpg]
[alfred.nl/media/pages/cultuur/a86665c26f-1687182092/dsc04460-websize-540x720-crop-q72.jpg]
[alfred.nl/media/pages/cultuur/0abc3a8f02-1687182102/photo-2022-05-18-22-44-20-540x720-crop-q72.jpg]
[alfred.nl/media/pages/cultuur/e14ea6c5dc-1687182094/dsc06776-540x720-crop-q72.jpg]
[alfred.nl/media/pages/cultuur/2f272528fe-1687182087/dsc03136-websize-540x720-crop-q72.jpg]
[alfred.nl/media/pages/cultuur/2205c45a90-1687182086/dsc03032-270x270-crop-q72.jpg]
[alfred.nl/media/pages/cultuur/2205c45a90-1687182086/dsc03032-1080x1080-crop-q72.jpg]
[alfred.nl/cultuur.html]
[alfred.nl/jobs.html]
[alfred.nl/media/pages/contact/6cf5d49ac1-1687182105/dsc07719-480x270-crop-q72.jpg]
[alfred.nl/media/pages/contact/6cf5d49ac1-1687182105/dsc07719-1920x1080-crop-q72.jpg]
[alfred.nl/contact.html]
[alfred.nl/media/pages/werk/texels-geheim/d403ea911a-1709217709/texels-geheim-480x270-crop-q72.jpg]
[alfred.nl/media/pages/werk/texels-geheim/d403ea911a-1709217709/texels-geheim-1920x1080-crop-q72.jpg]
[alfred.nl/werk/texels-geheim.html]
[alfred.nl/media/pages/werk/lidl-deals/b69b7f996d-1709219261/schermafbeelding-2024-02-29-om-16-04-00-480x270-crop-q72.png]
[alfred.nl/media/pages/werk/lidl-deals/b69b7f996d-1709219261/schermafbeelding-2024-02-29-om-16-04-00-1920x1080-crop-q72.png]
[alfred.nl/werk/lidl-deals.html]
[alfred.nl/media/pages/werk/amstel-kroegverhalen/a8921d9059-1704199418/schermafbeelding-2024-01-02-om-13-41-33-480x270-crop-q72.png]
[alfred.nl/media/pages/werk/amstel-kroegverhalen/a8921d9059-1704199418/schermafbeelding-2024-01-02-om-13-41-33-1920x1080-crop-q72.png]
[alfred.nl/werk/amstel-kroegverhalen.html]
[alfred.nl/press.html]
[alfred.nl/assets/img/form-checkmark.svg]
[alfred.nl/media/pages/werk/viva-la-cubanita/0f3ff314cf-1709220205/schermafbeelding-2024-02-29-om-16-22-49-480x270-crop-q72.png]
[alfred.nl/media/pages/werk/viva-la-cubanita/0f3ff314cf-1709220205/schermafbeelding-2024-02-29-om-16-22-49-1920x1080-crop-q72.png]
[alfred.nl/werk/viva-la-cubanita.html]
[alfred.nl/media/pages/werk/conimex-let-s-eat-more-east/be499c1ea3-1707828625/schermafbeelding-2024-02-13-om-13-49-27-480x270-crop-q72.png]
[alfred.nl/media/pages/werk/conimex-let-s-eat-more-east/be499c1ea3-1707828625/schermafbeelding-2024-02-13-om-13-49-27-1920x1080-crop-q72.png]
[alfred.nl/media/pages/werk/conimex-let-s-eat-more-east/a193ab4621-1707828888/schermafbeelding-2024-02-13-om-13-54-36-480x270-crop-q72.png]
[alfred.nl/media/pages/werk/conimex-let-s-eat-more-east/a193ab4621-1707828888/schermafbeelding-2024-02-13-om-13-54-36-1920x1080-crop-q72.png]
[alfred.nl/media/pages/werk/conimex-let-s-eat-more-east/d652b557c6-1707829404/schermafbeelding-2024-02-13-om-13-57-10-480x270-crop-q72.png]
[alfred.nl/media/pages/werk/conimex-let-s-eat-more-east/d652b557c6-1707829404/schermafbeelding-2024-02-13-om-13-57-10-1920x1080-crop-q72.png]
[alfred.nl/werk/conimex-let-s-eat-more-east.html]
[alfred.nl/media/pages/werk/praxis-sinterkerst/a17e7fa822-1709901445/schermafbeelding-2024-03-08-om-13-36-42-480x270-crop-q72.png]
[alfred.nl/media/pages/werk/praxis-sinterkerst/a17e7fa822-1709901445/schermafbeelding-2024-03-08-om-13-36-42-1920x1080-crop-q72.png]
[alfred.nl/werk/praxis-sinterkerst.html]
[alfred.nl/media/pages/werk/praxis-vakantie/d4aac28fc7-1692004622/still-praxis-vakantie-480x270-crop-q72.png]
[alfred.nl/media/pages/werk/praxis-vakantie/d4aac28fc7-1692004622/still-praxis-vakantie-1920x1080-crop-q72.png]
[alfred.nl/werk/praxis-vakantie.html]
[alfred.nl/media/pages/werk/simpel-liefde/7fe4e1dc38-1688982145/simpel-liefde-is-simpel-brent-estelle-480x270-crop-q72.png]
[alfred.nl/media/pages/werk/simpel-liefde/7fe4e1dc38-1688982145/simpel-liefde-is-simpel-brent-estelle-1920x1080-crop-q72.png]
[alfred.nl/werk/simpel-liefde.html]
[alfred.nl/media/pages/werk/calve-heritage-75-jaar/49f3771dea-1707828393/schermafbeelding-2024-02-13-om-13-38-57-480x270-crop-q72.png]
[alfred.nl/media/pages/werk/calve-heritage-75-jaar/49f3771dea-1707828393/schermafbeelding-2024-02-13-om-13-38-57-1920x1080-crop-q72.png]
[alfred.nl/media/pages/werk/calve-heritage-75-jaar/b49dd52d99-1687182072/calve-75-jaar-abri-1185x1750mm_20-_petje_wt.jpg]
[alfred.nl/media/pages/werk/calve-heritage-75-jaar/3642e313b2-1687182072/calve-75-jaar-abri-1185x1750mm_20-_lieke_wt.jpg]
[alfred.nl/media/pages/werk/calve-heritage-75-jaar/e61b6c532c-1687182072/calve-75-jaar-abri-1185x1750mm_20-_goal_wt.jpg]
[alfred.nl/media/pages/werk/calve-heritage-75-jaar/fdd5060551-1687182073/calve-75-jaar-abri-1185x1750mm_20-_pietertje_wt.jpg]
[alfred.nl/media/pages/werk/calve-heritage-75-jaar/458e1c32e0-1687182073/calve-ooh-480x270-crop-q72.jpg]
[alfred.nl/media/pages/werk/calve-heritage-75-jaar/3f3ca0ac7b-1687182071/220408-calve-75-jaar-wt-social-kv-v03-4x5_preview.mp4]
[alfred.nl/media/pages/werk/calve-heritage-75-jaar/8a20e3a935-1687182074/dick_6_social-4x5_preview.mp4]
[alfred.nl/media/pages/werk/calve-heritage-75-jaar/99804e02ae-1687182075/ester-6_social-4x5_preview.mp4]
[alfred.nl/media/pages/werk/calve-heritage-75-jaar/895cebe03c-1687182075/evert_6_social-4x5_preview.mp4]
[alfred.nl/media/pages/werk/calve-heritage-75-jaar/19f1270fdb-1687182077/schermafbeelding-2023-06-19-om-10-11-53-480x270-crop-q72.png]
[alfred.nl/media/pages/werk/calve-heritage-75-jaar/19f1270fdb-1687182077/schermafbeelding-2023-06-19-om-10-11-53-1920x1080-crop-q72.png]
[alfred.nl/werk/calve-heritage-75-jaar.html]
[alfred.nl/media/pages/werk/praxis-tuinfeest/95a732dfee-1687182070/schermafbeelding-2023-04-11-om-12-14-33-480x270-crop-q72.png]
[alfred.nl/media/pages/werk/praxis-tuinfeest/95a732dfee-1687182070/schermafbeelding-2023-04-11-om-12-14-33-1920x1080-crop-q72.png]
[alfred.nl/werk/praxis-tuinfeest.html]
[alfred.nl/media/pages/werk/mora-empanadas/2b82bcb9bd-1687182069/schermafbeelding-2023-06-01-om-11-01-39-480x270-crop-q72.png]
[alfred.nl/media/pages/werk/mora-empanadas/2b82bcb9bd-1687182069/schermafbeelding-2023-06-01-om-11-01-39-1920x1080-crop-q72.png]
[alfred.nl/werk/mora-empanadas.html]
[alfred.nl/media/pages/werk/texels-op-z-n-texels-case/eaf39a2c49-1687182066/still-texels-480x270-crop-q72.png]
[alfred.nl/media/pages/werk/texels-op-z-n-texels-case/eaf39a2c49-1687182066/still-texels-1920x1080-crop-q72.png]
[alfred.nl/media/pages/werk/texels-op-z-n-texels-case/9a6a301979-1687182067/texels-cafe-1080x1350-6-sec_1.mp4]
[alfred.nl/media/pages/werk/texels-op-z-n-texels-case/9ed7914235-1687182067/texels-seagulls-1080x1350-6-sec_1.mp4]
[alfred.nl/media/pages/werk/texels-op-z-n-texels-case/790bf7578f-1687182068/texels-sheeps-1080x1350-6-sec_1.mp4]
[alfred.nl/media/pages/werk/texels-op-z-n-texels-case/50631c621e-1687182068/texels-trap-270x270-crop-q72.jpg]
[alfred.nl/media/pages/werk/texels-op-z-n-texels-case/9bb575b113-1687182066/6269cf9b-bc2a-4fc2-bb33-e710543c0ebd-270x270-crop-q72.jpg]
[alfred.nl/werk/texels-op-z-n-texels-case.html]
[alfred.nl/media/pages/werk/simpel-spelshow/5b942a46d0-1687182065/schermafbeelding-2022-08-24-om-12-01-25-480x270-crop-q72.png]
[alfred.nl/media/pages/werk/simpel-spelshow/5b942a46d0-1687182065/schermafbeelding-2022-08-24-om-12-01-25-1920x1080-crop-q72.png]
[alfred.nl/werk/simpel-spelshow.html]
[alfred.nl/media/pages/werk/calve-pindakaas-esther-vergeer/3c2431c28e-1687182064/calve-pindakaas-esther-vergeer-header-480x270-crop-q72.jpg]
[alfred.nl/media/pages/werk/calve-pindakaas-esther-vergeer/3c2431c28e-1687182064/calve-pindakaas-esther-vergeer-header-1920x1080-crop-q72.jpg]
[alfred.nl/werk/calve-pindakaas-esther-vergeer.html]
[alfred.nl/media/pages/werk/amstel-drie-vrienden/8ddd74f9d5-1687182063/schermafbeelding-2023-05-25-om-15-56-41-480x270-crop-q72.png]
[alfred.nl/media/pages/werk/amstel-drie-vrienden/8ddd74f9d5-1687182063/schermafbeelding-2023-05-25-om-15-56-41-1920x1080-crop-q72.png]
[alfred.nl/werk/amstel-drie-vrienden.html]
[alfred.nl/media/pages/werk/simpel-a-simpel-story/2b05665b43-1687182063/schermafbeelding-2023-05-25-om-13-24-13-480x270-crop-q72.png]
[alfred.nl/media/pages/werk/simpel-a-simpel-story/2b05665b43-1687182063/schermafbeelding-2023-05-25-om-13-24-13-1920x1080-crop-q72.png]
[alfred.nl/werk/simpel-a-simpel-story.html]
[alfred.nl/media/pages/werk/jumbo-toetsweek/55f9c8eb82-1687182062/still-jumbo-agf-optie-1-480x270-crop-q72.png]
[alfred.nl/media/pages/werk/jumbo-toetsweek/55f9c8eb82-1687182062/still-jumbo-agf-optie-1-1920x1080-crop-q72.png]
[alfred.nl/werk/jumbo-toetsweek.html]
[alfred.nl/media/pages/werk/sns-manifest/58034b4b58-1687182061/sns-manifest-header-480x270-crop-q72.jpg]
[alfred.nl/media/pages/werk/sns-manifest/58034b4b58-1687182061/sns-manifest-header-1920x1080-crop-q72.jpg]
[alfred.nl/werk/sns-manifest.html]
[alfred.nl/media/pages/werk/calve-pindakaas-pietertje/680b02f581-1687182061/schermafbeelding-2023-05-25-om-12-06-20-480x270-crop-q72.png]
[alfred.nl/media/pages/werk/calve-pindakaas-pietertje/680b02f581-1687182061/schermafbeelding-2023-05-25-om-12-06-20-1920x1080-crop-q72.png]
[alfred.nl/werk/calve-pindakaas-pietertje.html]
[alfred.nl/werk/royal-club-twist.html]
[alfred.nl/media/pages/werk/venco-choco-d-rop/96e78fdc69-1687182059/venco-480x270-crop-q72.jpg]
[alfred.nl/media/pages/werk/venco-choco-d-rop/96e78fdc69-1687182059/venco-1920x1080-crop-q72.jpg]
[alfred.nl/media/pages/werk/venco-choco-d-rop/76cb45fc6f-1687182058/venco_chocodrop_6s-e_16032021_generic_olv-4x5_1.mp4]
[alfred.nl/media/pages/werk/venco-choco-d-rop/2b245ea3f7-1687182058/venco_chocodrop_6s-b_16032021_generic_olv-4x5_1.mp4]
[alfred.nl/media/pages/werk/venco-choco-d-rop/6f75e71b0d-1687182059/venco_chocodrop_15s_16032021_generic_olv-4x5_1.mp4]
[alfred.nl/werk/venco-choco-d-rop.html]
[alfred.nl/media/pages/werk/allianz-direct-20s-quote/d5f589c510-1687182057/schermafbeelding-2023-06-01-om-13-03-41-480x270-crop-q72.png]
[alfred.nl/media/pages/werk/allianz-direct-20s-quote/d5f589c510-1687182057/schermafbeelding-2023-06-01-om-13-03-41-1920x1080-crop-q72.png]
[alfred.nl/werk/allianz-direct-20s-quote.html]
[alfred.nl/media/pages/werk/royal-club-doe-maar-wat/6ec558c228-1687182056/schermafbeelding-2023-06-01-om-13-02-12-480x270-crop-q72.png]
[alfred.nl/media/pages/werk/royal-club-doe-maar-wat/6ec558c228-1687182056/schermafbeelding-2023-06-01-om-13-02-12-1920x1080-crop-q72.png]
[alfred.nl/werk/royal-club-doe-maar-wat.html]
[alfred.nl/media/pages/werk/amstel-terras/920cb736ae-1687182056/schermafbeelding-2023-06-01-om-15-01-59-480x270-crop-q72.png]
[alfred.nl/media/pages/werk/amstel-terras/920cb736ae-1687182056/schermafbeelding-2023-06-01-om-15-01-59-1920x1080-crop-q72.png]
[alfred.nl/werk/amstel-terras.html]
[alfred.nl/media/pages/werk/jumbo-gouden-loeki-kerst/85d29e272e-1687182055/schermafbeelding-2023-05-25-om-13-41-26-480x270-crop-q72.png]
[alfred.nl/media/pages/werk/jumbo-gouden-loeki-kerst/85d29e272e-1687182055/schermafbeelding-2023-05-25-om-13-41-26-1920x1080-crop-q72.png]
[alfred.nl/werk/jumbo-gouden-loeki-kerst.html]
[alfred.nl/media/pages/werk/calve-pindakaas-lieke/db1f1a0532-1687182054/schermafbeelding-2023-05-25-om-12-11-27-480x270-crop-q72.png]
[alfred.nl/media/pages/werk/calve-pindakaas-lieke/db1f1a0532-1687182054/schermafbeelding-2023-05-25-om-12-11-27-1920x1080-crop-q72.png]
[alfred.nl/werk/calve-pindakaas-lieke.html]
[alfred.nl/media/pages/werk/jumbo-eentje-extra-weken/e622f5dc23-1687182053/schermafbeelding-2022-08-24-om-10-30-04-480x270-crop-q72.png]
[alfred.nl/media/pages/werk/jumbo-eentje-extra-weken/e622f5dc23-1687182053/schermafbeelding-2022-08-24-om-10-30-04-1920x1080-crop-q72.png]
[alfred.nl/werk/jumbo-eentje-extra-weken.html]
[alfred.nl/media/pages/werk/hema-iconisch/0275982ded-1687182053/schermafbeelding-2023-06-01-om-15-47-29-480x270-crop-q72.png]
[alfred.nl/media/pages/werk/hema-iconisch/0275982ded-1687182053/schermafbeelding-2023-06-01-om-15-47-29-1920x1080-crop-q72.png]
[alfred.nl/werk/hema-iconisch.html]
[alfred.nl/media/pages/werk/fonq-aaltje/8811202ee6-1687182052/fonq-aaltje-20-omruil2-00-00-12-02-480x270-crop-q72.png]
[alfred.nl/media/pages/werk/fonq-aaltje/8811202ee6-1687182052/fonq-aaltje-20-omruil2-00-00-12-02-1920x1080-crop-q72.png]
[alfred.nl/werk/fonq-aaltje.html]
[alfred.nl/media/pages/werk/jumbo-kerst-2016/9ee9fccf50-1687182051/schermafbeelding-2023-05-25-om-15-02-07-480x270-crop-q72.png]
[alfred.nl/media/pages/werk/jumbo-kerst-2016/9ee9fccf50-1687182051/schermafbeelding-2023-05-25-om-15-02-07-1920x1080-crop-q72.png]
[alfred.nl/werk/jumbo-kerst-2016.html]
[alfred.nl/media/pages/werk/ranja-ranja/94cd335757-1687182050/schermafbeelding-2023-06-01-om-13-55-45-480x270-crop-q72.png]
[alfred.nl/media/pages/werk/ranja-ranja/94cd335757-1687182050/schermafbeelding-2023-06-01-om-13-55-45-1920x1080-crop-q72.png]
[alfred.nl/werk/ranja-ranja.html]
[alfred.nl/media/pages/werk/chicken-tonight-terry-stinger/66d82430b9-1687182050/schermafbeelding-2023-02-28-om-15-00-32-1-480x270-crop-q72.png]
[alfred.nl/media/pages/werk/chicken-tonight-terry-stinger/66d82430b9-1687182050/schermafbeelding-2023-02-28-om-15-00-32-1-1920x1080-crop-q72.png]
[alfred.nl/werk/chicken-tonight-terry-stinger.html]
[alfred.nl/media/pages/werk/affligem-verbroedering/0ca567485a-1687182049/schermafbeelding-2023-01-09-om-15-44-47-480x270-crop-q72.png]
[alfred.nl/media/pages/werk/affligem-verbroedering/0ca567485a-1687182049/schermafbeelding-2023-01-09-om-15-44-47-1920x1080-crop-q72.png]
[alfred.nl/werk/affligem-verbroedering.html]
[alfred.nl/media/pages/klanten/719f3d2e5d-1687182107/calve-pindakaas-esther-vergeer-thumbnail-810x540-crop-q72.jpg]
[alfred.nl/media/pages/klanten/d8bf5a6aed-1687182106/brands-amstel-810x540-crop-q72.jpg]
[alfred.nl/media/pages/klanten/ae9e35d2b7-1687182107/brands-praxis-810x540-crop-q72.jpg]
[alfred.nl/media/pages/klanten/f085256f66-1687424734/still-texels-810x540-crop-q72.png]
[alfred.nl/media/pages/klanten/e0690564cd-1687426841/venco-810x540-crop-q72.jpg]
[alfred.nl/media/pages/klanten/3a2466dfcd-1687182111/schermafbeelding-2023-01-09-om-15-46-51-810x540-crop-q72.png]
[alfred.nl/media/pages/klanten/da992c5c6d-1687182112/schermafbeelding-2023-01-09-om-15-48-57-810x540-crop-q72.png]
[alfred.nl/media/pages/klanten/9faee512a7-1687182113/schermafbeelding-2023-01-10-om-10-14-06-810x540-crop-q72.png]
[alfred.nl/media/pages/klanten/14e49c84ce-1687426087/schermafbeelding-2023-06-22-om-11-26-40-810x540-crop-q72.png]
[alfred.nl/media/pages/klanten/c4c43815ce-1687428844/schermafbeelding-2023-06-22-om-12-13-31-810x540-crop-q72.png]
[alfred.nl/media/pages/klanten/85e384026a-1687428747/schermafbeelding-2023-06-22-om-12-11-59-810x540-crop-q72.png]
[alfred.nl/klanten.html]
